<?xml version="1.0" encoding="UTF-8"?><testsuite errors="1" failures="0" name="com.tests.BookItemAlreadyBookedTest" skipped="0" tests="1" time="1.48" timestamp="2018-08-221 01:51:54"><testcase classname="com.tests.BookItemAlreadyBookedTest" name="Book item already booked test"><error message="Connection refused (Connection refused)" type="java.net.ConnectException">Connection refused (Connection refused)</error><system-err>Connection refused (Connection refused)
org.apache.http.conn.scheme.PlainSocketFactory.connectSocket(PlainSocketFactory.java:117)
org.apache.http.impl.conn.DefaultClientConnectionOperator.openConnection(DefaultClientConnectionOperator.java:177)
org.apache.http.impl.conn.ManagedClientConnectionImpl.open(ManagedClientConnectionImpl.java:304)
org.apache.http.impl.client.DefaultRequestDirector.tryConnect(DefaultRequestDirector.java:611)
org.apache.http.impl.client.DefaultRequestDirector.execute(DefaultRequestDirector.java:446)
org.apache.http.impl.client.AbstractHttpClient.doExecute(AbstractHttpClient.java:863)
org.apache.http.impl.client.CloseableHttpClient.execute(CloseableHttpClient.java:82)
org.apache.http.impl.client.CloseableHttpClient.execute(CloseableHttpClient.java:57)
groovy.lang.MetaMethod.doMethodInvoke(MetaMethod.java:325)
groovy.lang.MetaClassImpl.invokeMethod(MetaClassImpl.java:1210)
groovy.lang.MetaClassImpl.invokeMethod(MetaClassImpl.java:1019)
groovy.lang.MetaClassImpl.invokeMethod(MetaClassImpl.java:810)
groovy.lang.MetaMethod.doMethodInvoke(MetaMethod.java:325)
groovy.lang.MetaClassImpl.invokeMethod(MetaClassImpl.java:1210)
groovy.lang.MetaClassImpl.invokeMethod(MetaClassImpl.java:1019)
groovy.lang.MetaClassImpl.invokeMethod(MetaClassImpl.java:810)
com.steps.api.AbstractApiSteps.createResource(AbstractApiSteps.java:41)
com.steps.api.ApiLoginSteps.loginAsAdmin(ApiLoginSteps.java:20)
com.steps.api.flow_steps.ApiCreateItemFlowSteps.createItem(ApiCreateItemFlowSteps.java:19)
com.tests.BookItemAlreadyBookedTest.setUp(BookItemAlreadyBookedTest.java:38)
</system-err></testcase></testsuite>