<?xml version="1.0" encoding="UTF-8"?>
<testsuite xmlns:xsi="http://www.w3.org/2001/XMLSchema-instance" xsi:schemaLocation="https://maven.apache.org/surefire/maven-surefire-plugin/xsd/surefire-test-report.xsd" name="com.tests.usUserRegistration.CheckUserRegistrationOnAdmin" time="52.869" tests="1" errors="1" skipped="0" failures="0">
  <properties>
[...]
</properties>
  <testcase name="checkUserRegistrationOnAdmin" classname="com.tests.usUserRegistration.CheckUserRegistrationOnAdmin" time="51.295">
    <error message="Timed out after 5 seconds waiting for Proxy element for: CustomerListPage.clickOnEdit to be displayed&#10;Build info: version: &apos;2.53.1&apos;, revision: &apos;a36b8b1cd5757287168e54b817830adce9b0158d&apos;, time: &apos;2016-06-30 19:26:09&apos;&#10;System info: host: &apos;EVO582&apos;, ip: &apos;127.0.1.1&apos;, os.name: &apos;Linux&apos;, os.arch: &apos;amd64&apos;, os.version: &apos;4.10.0-38-generic&apos;, java.version: &apos;1.8.0_171&apos;&#10;Driver info: driver.version: unknown&#10;Build info: version: &apos;2.53.1&apos;, revision: &apos;a36b8b1cd5757287168e54b817830adce9b0158d&apos;, time: &apos;2016-06-30 19:26:09&apos;&#10;System info: host: &apos;EVO582&apos;, ip: &apos;127.0.1.1&apos;, os.name: &apos;Linux&apos;, os.arch: &apos;amd64&apos;, os.version: &apos;4.10.0-38-generic&apos;, java.version: &apos;1.8.0_171&apos;&#10;Driver info: driver.version: unknown&#10;Build info: version: &apos;2.53.1&apos;, revision: &apos;a36b8b1cd5757287168e54b817830adce9b0158d&apos;, time: &apos;2016-06-30 19:26:09&apos;&#10;System info: host: &apos;EVO582&apos;, ip: &apos;127.0.1.1&apos;, os.name: &apos;Linux&apos;, os.arch: &apos;amd64&apos;, os.version: &apos;4.10.0-38-generic&apos;, java.version: &apos;1.8.0_171&apos;&#10;Driver info: driver.version: unknown" type="net.thucydides.core.webdriver.exceptions.ElementShouldBeVisibleException">net.thucydides.core.webdriver.exceptions.ElementShouldBeVisibleException: 
Timed out after 5 seconds waiting for Proxy element for: CustomerListPage.clickOnEdit to be displayed
Build info: version: '2.53.1', revision: 'a36b8b1cd5757287168e54b817830adce9b0158d', time: '2016-06-30 19:26:09'
System info: host: 'EVO582', ip: '127.0.1.1', os.name: 'Linux', os.arch: 'amd64', os.version: '4.10.0-38-generic', java.version: '1.8.0_171'
Driver info: driver.version: unknown
Build info: version: '2.53.1', revision: 'a36b8b1cd5757287168e54b817830adce9b0158d', time: '2016-06-30 19:26:09'
System info: host: 'EVO582', ip: '127.0.1.1', os.name: 'Linux', os.arch: 'amd64', os.version: '4.10.0-38-generic', java.version: '1.8.0_171'
Driver info: driver.version: unknown
Build info: version: '2.53.1', revision: 'a36b8b1cd5757287168e54b817830adce9b0158d', time: '2016-06-30 19:26:09'
System info: host: 'EVO582', ip: '127.0.1.1', os.name: 'Linux', os.arch: 'amd64', os.version: '4.10.0-38-generic', java.version: '1.8.0_171'
Driver info: driver.version: unknown
	at com.tests.usUserRegistration.CheckUserRegistrationOnAdmin.checkUserRegistrationOnAdmin(CheckUserRegistrationOnAdmin.java:57)
</error>
    <system-out><![CDATA[Connect to Mongo DB...
Environment Set: qa-env
Environment Set: qa-env
Dictionary PATH: src/main/resources/context/de/dictionary.properties
Load Dictionary... 
Environment Constants PATH: src/main/resources/qa-env/environmentConstants.properties
Load Env Constants... 
[CustomerFormModel [firstName=upDRXAje, lastName=yfAzeViO, emailName=smuJM2nmkGma@fxprix.com, password=W2o8TgcxX5vp2q1]]
]]></system-out>
    <system-err><![CDATA[[main] INFO net.thucydides.core.util.PropertiesFileLocalPreferences - webdriver.provided.type=mydriver
[main] INFO net.thucydides.core.util.PropertiesFileLocalPreferences - serenity.logging=VERBOSE
[main] INFO net.thucydides.core.util.PropertiesFileLocalPreferences - thucydides.driver.capabilities=mydriver
[main] INFO net.thucydides.core.util.PropertiesFileLocalPreferences - serenity.test.root=com.features
[main] INFO net.thucydides.core.util.PropertiesFileLocalPreferences - serenity.project.name=Demo Project using Serenity and JUnit
[main] INFO net.thucydides.core.util.PropertiesFileLocalPreferences - webdriver.provided.mydriver=com.tools.customerDrivers.CustomChromeDriver
[main] INFO net.serenitybdd.core.Serenity - 

-------------------------------------------------------------------------------------
     _______. _______ .______       _______ .__   __.  __  .___________.____    ____ 
    /       ||   ____||   _  \     |   ____||  \ |  | |  | |           |\   \  /   / 
   |   (----`|  |__   |  |_)  |    |  |__   |   \|  | |  | `---|  |----` \   \/   /  
    \   \    |   __|  |      /     |   __|  |  . `  | |  |     |  |       \_    _/   
.----)   |   |  |____ |  |\  \----.|  |____ |  |\   | |  |     |  |         |  |     
|_______/    |_______|| _| `._____||_______||__| \__| |__|     |__|         |__|    
-------------------------------------------------------------------------------------

[main] INFO net.serenitybdd.core.Serenity - Test Suite Started: Check user registration on admin
[main] INFO net.serenitybdd.core.Serenity - 
 _____ _____ ____ _____   ____ _____  _    ____ _____ _____ ____  
|_   _| ____/ ___|_   _| / ___|_   _|/ \  |  _ \_   _| ____|  _ \ 
  | | |  _| \___ \ | |   \___ \ | | / _ \ | |_) || | |  _| | | | |
  | | | |___ ___) || |    ___) || |/ ___ \|  _ < | | | |___| |_| |
  |_| |_____|____/ |_|   |____/ |_/_/   \_\_| \_\|_| |_____|____/ 
                                                                  

TEST STARTED: checkUserRegistrationOnAdmin
-------------------------------------------------------------------
[main] INFO net.serenitybdd.core.Serenity - TEST NUMBER: 1
--------------------------------- Test Start---------------------------------------
[main] INFO net.serenitybdd.core.Serenity - STARTING STEP Perform admin login: admin, Admin123admin
[main] INFO net.serenitybdd.core.Serenity - STARTING STEP Navigate: http://qa-magento2.evozon.com/index.php/admin/
[main] WARN net.thucydides.core.ThucydidesSystemProperty - Legacy property format detected for thucydides.driver.capabilities, please use the serenity.* format instead.
Starting ChromeDriver 2.40.565383 (76257d1ab79276b2d53ee976b2c3e3b9f335cde7) on port 23278
Only local connections are allowed.
[main] INFO net.serenitybdd.core.Serenity - FINISHING STEP
[main] INFO net.serenitybdd.core.Serenity - FINISHING STEP
[main] INFO net.serenitybdd.core.Serenity - STARTING STEP Open customers grid
[main] INFO net.serenitybdd.core.Serenity - FINISHING STEP
[main] INFO net.serenitybdd.core.Serenity - STARTING STEP Open filters
[main] INFO net.serenitybdd.core.Serenity - FINISHING STEP
[main] INFO net.serenitybdd.core.Serenity - STARTING STEP Search for email
[main] INFO net.serenitybdd.core.Serenity - FINISHING STEP
[main] INFO net.serenitybdd.core.Serenity - STARTING STEP Click on edit customers
[main] INFO net.serenitybdd.core.Serenity - STEP ERROR: net.serenitybdd.core.exceptions.SerenityManagedException: Timed out after 5 seconds waiting for Proxy element for: CustomerListPage.clickOnEdit to be displayed
Build info: version: '2.53.1', revision: 'a36b8b1cd5757287168e54b817830adce9b0158d', time: '2016-06-30 19:26:09'
System info: host: 'EVO582', ip: '127.0.1.1', os.name: 'Linux', os.arch: 'amd64', os.version: '4.10.0-38-generic', java.version: '1.8.0_171'
Driver info: driver.version: unknown
Build info: version: '2.53.1', revision: 'a36b8b1cd5757287168e54b817830adce9b0158d', time: '2016-06-30 19:26:09'
System info: host: 'EVO582', ip: '127.0.1.1', os.name: 'Linux', os.arch: 'amd64', os.version: '4.10.0-38-generic', java.version: '1.8.0_171'
Driver info: driver.version: unknown
[main] INFO net.serenitybdd.core.Serenity - STARTING STEP Open customer sub menu
[main] INFO net.serenitybdd.core.Serenity - IGNORING STEP
[main] INFO net.serenitybdd.core.Serenity - STARTING STEP Validate Customer Details
[main] INFO net.serenitybdd.core.Serenity - IGNORING STEP
[main] INFO net.serenitybdd.core.Serenity - STARTING STEP Print errors
[main] INFO net.serenitybdd.core.Serenity - IGNORING STEP
]]></system-err>
  </testcase>
</testsuite>