<?xml version="1.0" encoding="UTF-8" ?>
<testsuite tests="1" failures="0" name="com.tests.BookItemsFromSameCategoryTest" time="6.693" errors="1" skipped="0">
  <properties>
[...]
</properties>
  <testcase classname="com.tests.BookItemsFromSameCategoryTest" name="bookItemsFromSameCategoryTest" time="6.693">
    <error type="java.lang.NullPointerException">java.lang.NullPointerException
	at com.steps.frontend.LoginSteps.login(LoginSteps.java:20)
	at com.steps.frontend.flow_steps.LoginFlowSteps.login(LoginFlowSteps.java:17)
	at com.tests.BookItemsFromSameCategoryTest.bookItemsFromSameCategoryTest(BookItemsFromSameCategoryTest.java:48)
</error>
    <system-out>java.lang.NullPointerException: null
</system-out>
    <system-err>[main] INFO net.thucydides.core.util.PropertiesFileLocalPreferences - LOADING LOCAL PROPERTIES FROM /home/emilianmelian/git/WhereIsWhatAuto/serenity.properties 
[main] INFO net.thucydides.core.util.PropertiesFileLocalPreferences - LOADING LOCAL PROPERTIES FROM /home/emilianmelian/git/WhereIsWhatAuto/serenity.properties 
[main] INFO net.thucydides.core.util.PropertiesFileLocalPreferences - webdriver.provided.type=mydriver
[main] INFO net.thucydides.core.util.PropertiesFileLocalPreferences - serenity.logging=VERBOSE
[main] INFO net.thucydides.core.util.PropertiesFileLocalPreferences - thucydides.driver.capabilities=mydriver
[main] INFO net.thucydides.core.util.PropertiesFileLocalPreferences - serenity.test.root=com.features
[main] INFO net.thucydides.core.util.PropertiesFileLocalPreferences - serenity.project.name=Demo Project using Serenity and JUnit
[main] INFO net.thucydides.core.util.PropertiesFileLocalPreferences - webdriver.provided.mydriver=com.tools.customerDrivers.CustomChromeDriver
[main] INFO net.thucydides.core.webdriver.SystemPropertiesConfiguration - project.build.directory : /home/emilianmelian/git/WhereIsWhatAuto/target
[main] INFO net.thucydides.core.webdriver.SystemPropertiesConfiguration - project.reporting.OutputDirectory : null
[main] INFO net.thucydides.core.webdriver.SystemPropertiesConfiguration - OutputDirectory : /home/emilianmelian/git/WhereIsWhatAuto/target/target/site/serenity
[main] INFO net.serenitybdd.core.Serenity - 

-------------------------------------------------------------------------------------
     _______. _______ .______       _______ .__   __.  __  .___________.____    ____ 
    /       ||   ____||   _  \     |   ____||  \ |  | |  | |           |\   \  /   / 
   |   (----`|  |__   |  |_)  |    |  |__   |   \|  | |  | `---|  |----` \   \/   /  
    \   \    |   __|  |      /     |   __|  |  . `  | |  |     |  |       \_    _/   
.----)   |   |  |____ |  |\  \----.|  |____ |  |\   | |  |     |  |         |  |     
|_______/    |_______|| _| `._____||_______||__| \__| |__|     |__|         |__|    
-------------------------------------------------------------------------------------

[main] INFO net.serenitybdd.core.Serenity - PREPARING TO EXECUTE 0 TESTS
[main] INFO net.serenitybdd.core.Serenity - Test Suite Started: Book items from same category test
[main] INFO net.serenitybdd.core.Serenity - 
 _____ _____ ____ _____   ____ _____  _    ____ _____ _____ ____  
|_   _| ____/ ___|_   _| / ___|_   _|/ \  |  _ \_   _| ____|  _ \ 
  | | |  _| \___ \ | |   \___ \ | | / _ \ | |_) || | |  _| | | | |
  | | | |___ ___) || |    ___) || |/ ___ \|  _ &lt; | | | |___| |_| |
  |_| |_____|____/ |_|   |____/ |_/_/   \_\_| \_\|_| |_____|____/ 
                                                                  

TEST STARTED: bookItemsFromSameCategoryTest
-------------------------------------------------------------------
[main] INFO net.serenitybdd.core.Serenity - TEST NUMBER: 1
[main] WARN net.thucydides.core.ThucydidesSystemProperty - Legacy property format detected for thucydides.driver.capabilities, please use the serenity.* format instead.
Starting ChromeDriver 2.40.565383 (76257d1ab79276b2d53ee976b2c3e3b9f335cde7) on port 14751
Only local connections are allowed.
Aug 09, 2018 1:49:23 PM org.openqa.selenium.remote.ProtocolHandshake createSession
INFO: Attempting bi-dialect session, assuming Postel&apos;s Law holds true on the remote end
Aug 09, 2018 1:49:24 PM org.openqa.selenium.remote.ProtocolHandshake createSession
INFO: Detected dialect: OSS
[main] INFO net.serenitybdd.core.Serenity - STARTING STEP Login
[main] INFO net.serenitybdd.core.Serenity - STARTING STEP Click login
[main] INFO net.serenitybdd.core.Serenity - FINISHING STEP
[main] INFO net.serenitybdd.core.Serenity - STARTING STEP Login
[main] INFO net.serenitybdd.core.Serenity - STEP ERROR: java.lang.NullPointerException
[main] INFO net.serenitybdd.core.Serenity - FINISHING STEP
[main] INFO net.serenitybdd.core.Serenity - STARTING STEP Book all items from category
[main] INFO net.serenitybdd.core.Serenity - IGNORING STEP
[main] INFO net.serenitybdd.core.Serenity - STARTING STEP Go to my bookings
[main] INFO net.serenitybdd.core.Serenity - IGNORING STEP
[main] INFO net.serenitybdd.core.Serenity - STARTING STEP Validate booked items
[main] INFO net.serenitybdd.core.Serenity - IGNORING STEP
</system-err>
  </testcase>
</testsuite>