<?xml version="1.0" encoding="UTF-8"?>
<testsuite xmlns:xsi="http://www.w3.org/2001/XMLSchema-instance" xsi:schemaLocation="https://maven.apache.org/surefire/maven-surefire-plugin/xsd/surefire-test-report.xsd" name="com.tests.BookReturnedItemTest" time="2.689" tests="1" errors="1" skipped="0" failures="0">
  <properties>
[...]
</properties>
  <testcase name="bookReturnedItemTest" classname="com.tests.BookReturnedItemTest" time="1.191">
    <error message="Connection refused (Connection refused)" type="java.net.ConnectException">java.net.ConnectException: Connection refused (Connection refused)
	at com.tests.BookReturnedItemTest.setUp(BookReturnedItemTest.java:37)
</error>
    <system-err><![CDATA[[main] ERROR net.serenitybdd.core.Serenity - 
           __  _____ _____ ____ _____   _____ _    ___ _     _____ ____  
  _       / / |_   _| ____/ ___|_   _| |  ___/ \  |_ _| |   | ____|  _ \ 
 (_)_____| |    | | |  _| \___ \ | |   | |_ / _ \  | || |   |  _| | | | |
  _|_____| |    | | | |___ ___) || |   |  _/ ___ \ | || |___| |___| |_| |
 (_)     | |    |_| |_____|____/ |_|   |_|/_/   \_\___|_____|_____|____/ 
          \_\                                                            

TEST FAILED WITH ERROR: Book item test
---------------------------------------------------------------------
[main] ERROR net.serenitybdd.core.Serenity - TEST FAILED AT STEP Login as admin
[main] ERROR net.serenitybdd.core.Serenity - Connection refused (Connection refused)
[pool-7-thread-1] INFO net.thucydides.core.reports.json.JSONTestOutcomeReporter - Generating JSON report for Book item test to file /home/emilianmelian/git/WhereIsWhatAuto/target/site/serenity/d4f7209133deff420d1e3a8430f14c5d28420c8d37133bfd7e56416d8cc3ceec.json (using temp file /home/emilianmelian/git/WhereIsWhatAuto/target/site/serenity/d4f7209133deff420d1e3a8430f14c5d28420c8d37133bfd7e56416d8cc3ceec.json64184de0-372c-41bf-82e2-36ccce1f41fe)
[pool-8-thread-1] INFO net.thucydides.core.reports.html.HtmlAcceptanceTestReporter - GENERATING HTML REPORT FOR Book item test:bookItemTest in d4f7209133deff420d1e3a8430f14c5d28420c8d37133bfd7e56416d8cc3ceec.html in directory target/site/serenity  
Starting ChromeDriver 2.40.565383 (76257d1ab79276b2d53ee976b2c3e3b9f335cde7) on port 32046
Only local connections are allowed.
[main] INFO net.serenitybdd.core.Serenity - Test Suite Started: Book returned item test
[main] INFO net.serenitybdd.core.Serenity - 
 _____ _____ ____ _____   ____ _____  _    ____ _____ _____ ____  
|_   _| ____/ ___|_   _| / ___|_   _|/ \  |  _ \_   _| ____|  _ \ 
  | | |  _| \___ \ | |   \___ \ | | / _ \ | |_) || | |  _| | | | |
  | | | |___ ___) || |    ___) || |/ ___ \|  _ < | | | |___| |_| |
  |_| |_____|____/ |_|   |____/ |_/_/   \_\_| \_\|_| |_____|____/ 
                                                                  

TEST STARTED: bookReturnedItemTest
-------------------------------------------------------------------
[main] INFO net.serenitybdd.core.Serenity - TEST NUMBER: 5
[main] INFO net.serenitybdd.core.Serenity - STARTING STEP Create item
[main] INFO net.serenitybdd.core.Serenity - STARTING STEP Login as admin
[main] INFO net.serenitybdd.core.Serenity - STEP ERROR: net.serenitybdd.core.exceptions.SerenityManagedException: Connection refused (Connection refused)
[main] INFO net.serenitybdd.core.Serenity - STARTING STEP Create category
[main] INFO net.serenitybdd.core.Serenity - IGNORING STEP
[main] INFO net.serenitybdd.core.Serenity - STARTING STEP Create item
[main] INFO net.serenitybdd.core.Serenity - IGNORING STEP
[main] INFO net.serenitybdd.core.Serenity - FINISHING STEP
[main] INFO net.serenitybdd.core.Serenity - STARTING STEP Book all items
[main] INFO net.serenitybdd.core.Serenity - IGNORING STEP
[main] INFO net.serenitybdd.core.Serenity - STARTING STEP Return all booked items
[main] INFO net.serenitybdd.core.Serenity - IGNORING STEP
[main] INFO net.serenitybdd.core.Serenity - STARTING STEP Login
[main] INFO net.serenitybdd.core.Serenity - IGNORING STEP
[main] INFO net.serenitybdd.core.Serenity - STARTING STEP Book all items from category
[main] INFO net.serenitybdd.core.Serenity - IGNORING STEP
[main] INFO net.serenitybdd.core.Serenity - STARTING STEP Go to my bookings
[main] INFO net.serenitybdd.core.Serenity - IGNORING STEP
[main] INFO net.serenitybdd.core.Serenity - STARTING STEP Validate booked items
[main] INFO net.serenitybdd.core.Serenity - IGNORING STEP
]]></system-err>
  </testcase>
</testsuite>