<?xml version="1.0" encoding="UTF-8"?><testsuite errors="1" failures="0" name="com.tests.BookItemsFromDifferentCategoriesTest" skipped="0" tests="1" time="0.53" timestamp="2018-08-221 12:01:59"><testcase classname="com.tests.BookItemsFromDifferentCategoriesTest" name="Book items from different categories test"><error message="Connection refused (Connection refused)" type="java.net.ConnectException">Connection refused (Connection refused)</error><system-err>Connection refused (Connection refused)
org.apache.http.conn.scheme.PlainSocketFactory.connectSocket(PlainSocketFactory.java:120)
org.apache.http.impl.conn.DefaultClientConnectionOperator.openConnection(DefaultClientConnectionOperator.java:179)
org.apache.http.impl.conn.ManagedClientConnectionImpl.open(ManagedClientConnectionImpl.java:328)
org.apache.http.impl.client.DefaultRequestDirector.tryConnect(DefaultRequestDirector.java:612)
org.apache.http.impl.client.DefaultRequestDirector.execute(DefaultRequestDirector.java:447)
org.apache.http.impl.client.AbstractHttpClient.doExecute(AbstractHttpClient.java:884)
org.apache.http.impl.client.CloseableHttpClient.execute(CloseableHttpClient.java:82)
org.apache.http.impl.client.CloseableHttpClient.execute(CloseableHttpClient.java:55)
groovy.lang.MetaMethod.doMethodInvoke(MetaMethod.java:325)
groovy.lang.MetaClassImpl.invokeMethod(MetaClassImpl.java:1213)
groovy.lang.MetaClassImpl.invokeMethod(MetaClassImpl.java:1022)
groovy.lang.MetaClassImpl.invokeMethod(MetaClassImpl.java:810)
groovy.lang.MetaMethod.doMethodInvoke(MetaMethod.java:325)
groovy.lang.MetaClassImpl.invokeMethod(MetaClassImpl.java:1213)
groovy.lang.MetaClassImpl.invokeMethod(MetaClassImpl.java:1022)
groovy.lang.MetaClassImpl.invokeMethod(MetaClassImpl.java:810)
com.steps.api.AbstractApiSteps.createResource(AbstractApiSteps.java:41)
com.steps.api.ApiLoginSteps.loginAsAdmin(ApiLoginSteps.java:20)
com.tests.BookItemsFromDifferentCategoriesTest.setUp(BookItemsFromDifferentCategoriesTest.java:39)
</system-err></testcase></testsuite>