<?xml version="1.0" encoding="UTF-8"?><testsuite errors="0" failures="1" name="com.tests.usUserRegistration.CheckUserRegistrationOnAdmin" skipped="0" tests="1" time="51.25" timestamp="2018-08-225 04:44:19"><testcase classname="com.tests.usUserRegistration.CheckUserRegistrationOnAdmin" name="Check user registration on admin"><failure message="Timed out after 5 seconds waiting for Proxy element for: CustomerListPage.clickOnEdit to be displayed&#10;Build info: version: '2.53.1', revision: 'a36b8b1cd5757287168e54b817830adce9b0158d', time: '2016-06-30 19:26:09'&#10;System info: host: 'EVO582', ip: '127.0.1.1', os.name: 'Linux', os.arch: 'amd64', os.version: '4.10.0-38-generic', java.version: '1.8.0_171'&#10;Driver info: driver.version: unknown&#10;Build info: version: '2.53.1', revision: 'a36b8b1cd5757287168e54b817830adce9b0158d', time: '2016-06-30 19:26:09'&#10;System info: host: 'EVO582', ip: '127.0.1.1', os.name: 'Linux', os.arch: 'amd64', os.version: '4.10.0-38-generic', java.version: '1.8.0_171'&#10;Driver info: driver.version: unknown" type="net.thucydides.core.webdriver.exceptions.ElementShouldBeVisibleException">Timed out after 5 seconds waiting for Proxy element for: CustomerListPage.clickOnEdit to be displayed
Build info: version: '2.53.1', revision: 'a36b8b1cd5757287168e54b817830adce9b0158d', time: '2016-06-30 19:26:09'
System info: host: 'EVO582', ip: '127.0.1.1', os.name: 'Linux', os.arch: 'amd64', os.version: '4.10.0-38-generic', java.version: '1.8.0_171'
Driver info: driver.version: unknown
Build info: version: '2.53.1', revision: 'a36b8b1cd5757287168e54b817830adce9b0158d', time: '2016-06-30 19:26:09'
System info: host: 'EVO582', ip: '127.0.1.1', os.name: 'Linux', os.arch: 'amd64', os.version: '4.10.0-38-generic', java.version: '1.8.0_171'
Driver info: driver.version: unknown</failure><system-err>Timed out after 5 seconds waiting for Proxy element for: CustomerListPage.clickOnEdit to be displayed
Build info: version: '2.53.1', revision: 'a36b8b1cd5757287168e54b817830adce9b0158d', time: '2016-06-30 19:26:09'
System info: host: 'EVO582', ip: '127.0.1.1', os.name: 'Linux', os.arch: 'amd64', os.version: '4.10.0-38-generic', java.version: '1.8.0_171'
Driver info: driver.version: unknown
Build info: version: '2.53.1', revision: 'a36b8b1cd5757287168e54b817830adce9b0158d', time: '2016-06-30 19:26:09'
System info: host: 'EVO582', ip: '127.0.1.1', os.name: 'Linux', os.arch: 'amd64', os.version: '4.10.0-38-generic', java.version: '1.8.0_171'
Driver info: driver.version: unknown
com.pages.backend.customer.CustomerListPage.clickOnEditCustomers(CustomerListPage.java:72)
com.steps.backend.BackEndSteps.clickOnEditCustomers(BackEndSteps.java:64)
com.tests.usUserRegistration.CheckUserRegistrationOnAdmin.checkUserRegistrationOnAdmin(CheckUserRegistrationOnAdmin.java:57)
</system-err></testcase></testsuite>